Started GET "/" for ::1 at 2020-12-08 17:16:20 +0300
  [1m[35m (2.8ms)[0m  [1m[34mSELECT sqlite_version(*)[0m
Processing by IndexController#index as HTML
  Rendering index/index.html.erb within layouts/application
  Rendered index/index.html.erb within layouts/application (Duration: 2.7ms | Allocations: 436)
[Webpacker] Compiling...
[Webpacker] Compiled all packs in /Users/ivangorshkov/Desktop/Ekat/lab11/public/packs
[Webpacker] Hash: 15d1bb7b54cf6326b9ba
Version: webpack 4.44.2
Time: 2625ms
Built at: 12/08/2020 5:16:25 PM
                                     Asset       Size       Chunks                         Chunk Names
    js/application-9afcbb5693aa87623e69.js    124 KiB  application  [emitted] [immutable]  application
js/application-9afcbb5693aa87623e69.js.map    139 KiB  application  [emitted] [dev]        application
                             manifest.json  364 bytes               [emitted]              
Entrypoint application = js/application-9afcbb5693aa87623e69.js js/application-9afcbb5693aa87623e69.js.map
[./app/javascript/channels sync recursive _channel\.js$] ./app/javascript/channels sync _channel\.js$ 160 bytes {application} [built]
[./app/javascript/channels/index.js] 211 bytes {application} [built]
[./app/javascript/packs/application.js] 749 bytes {application} [built]
[./node_modules/webpack/buildin/module.js] (webpack)/buildin/module.js 552 bytes {application} [built]
    + 3 hidden modules

Completed 200 OK in 5094ms (Views: 5084.6ms | ActiveRecord: 0.0ms | Allocations: 23898)


Started GET "/index/index.json?n=34" for ::1 at 2020-12-08 17:16:30 +0300
Processing by IndexController#index as JSON
  Parameters: {"n"=>"34"}
Completed 200 OK in 2ms (Views: 0.4ms | ActiveRecord: 0.0ms | Allocations: 582)


Started GET "/" for ::1 at 2020-12-08 17:26:02 +0300
  [1m[35m (1.2ms)[0m  [1m[34mSELECT sqlite_version(*)[0m
  
ActiveRecord::PendingMigrationError (

Migrations are pending. To resolve this issue, run:

        rails db:migrate RAILS_ENV=development

):
  
activerecord (6.0.3.4) lib/active_record/migration.rb:586:in `check_pending!'
activerecord (6.0.3.4) lib/active_record/migration.rb:564:in `call'
actionpack (6.0.3.4) lib/action_dispatch/middleware/callbacks.rb:27:in `block in call'
activesupport (6.0.3.4) lib/active_support/callbacks.rb:101:in `run_callbacks'
actionpack (6.0.3.4) lib/action_dispatch/middleware/callbacks.rb:26:in `call'
actionpack (6.0.3.4) lib/action_dispatch/middleware/executor.rb:14:in `call'
actionpack (6.0.3.4) lib/action_dispatch/middleware/actionable_exceptions.rb:18:in `call'
actionpack (6.0.3.4) lib/action_dispatch/middleware/debug_exceptions.rb:32:in `call'
web-console (4.1.0) lib/web_console/middleware.rb:132:in `call_app'
web-console (4.1.0) lib/web_console/middleware.rb:28:in `block in call'
web-console (4.1.0) lib/web_console/middleware.rb:17:in `catch'
web-console (4.1.0) lib/web_console/middleware.rb:17:in `call'
actionpack (6.0.3.4) lib/action_dispatch/middleware/show_exceptions.rb:33:in `call'
railties (6.0.3.4) lib/rails/rack/logger.rb:37:in `call_app'
railties (6.0.3.4) lib/rails/rack/logger.rb:26:in `block in call'
activesupport (6.0.3.4) lib/active_support/tagged_logging.rb:80:in `block in tagged'
activesupport (6.0.3.4) lib/active_support/tagged_logging.rb:28:in `tagged'
activesupport (6.0.3.4) lib/active_support/tagged_logging.rb:80:in `tagged'
railties (6.0.3.4) lib/rails/rack/logger.rb:26:in `call'
sprockets-rails (3.2.2) lib/sprockets/rails/quiet_assets.rb:13:in `call'
actionpack (6.0.3.4) lib/action_dispatch/middleware/remote_ip.rb:81:in `call'
actionpack (6.0.3.4) lib/action_dispatch/middleware/request_id.rb:27:in `call'
rack (2.2.3) lib/rack/method_override.rb:24:in `call'
rack (2.2.3) lib/rack/runtime.rb:22:in `call'
activesupport (6.0.3.4) lib/active_support/cache/strategy/local_cache_middleware.rb:29:in `call'
actionpack (6.0.3.4) lib/action_dispatch/middleware/executor.rb:14:in `call'
actionpack (6.0.3.4) lib/action_dispatch/middleware/static.rb:126:in `call'
rack (2.2.3) lib/rack/sendfile.rb:110:in `call'
actionpack (6.0.3.4) lib/action_dispatch/middleware/host_authorization.rb:82:in `call'
webpacker (4.3.0) lib/webpacker/dev_server_proxy.rb:23:in `perform_request'
rack-proxy (0.6.5) lib/rack/proxy.rb:57:in `call'
railties (6.0.3.4) lib/rails/engine.rb:527:in `call'
puma (4.3.7) lib/puma/configuration.rb:228:in `call'
puma (4.3.7) lib/puma/server.rb:713:in `handle_request'
puma (4.3.7) lib/puma/server.rb:472:in `process_client'
puma (4.3.7) lib/puma/server.rb:328:in `block in run'
puma (4.3.7) lib/puma/thread_pool.rb:134:in `block in spawn_thread'
Started POST "/rails/actions" for ::1 at 2020-12-08 17:26:07 +0300
  [1m[35m (4.8ms)[0m  [1m[35mCREATE TABLE "schema_migrations" ("version" varchar NOT NULL PRIMARY KEY)[0m
  [1m[35m (1.4ms)[0m  [1m[35mCREATE TABLE "ar_internal_metadata" ("key" varchar NOT NULL PRIMARY KEY, "value" varchar, "created_at" datetime(6) NOT NULL, "updated_at" datetime(6) NOT NULL)[0m
  [1m[35m (0.7ms)[0m  [1m[34mSELECT "schema_migrations"."version" FROM "schema_migrations" ORDER BY "schema_migrations"."version" ASC[0m
Migrating to CreatePalindromes (20201208142053)
  [1m[35m (0.1ms)[0m  [1m[36mbegin transaction[0m
  [1m[35m (0.5ms)[0m  [1m[35mCREATE TABLE "palindromes" ("id" integer PRIMARY KEY AUTOINCREMENT NOT NULL, "value" varchar, "res" varchar, "created_at" datetime(6) NOT NULL, "updated_at" datetime(6) NOT NULL)[0m
  [1m[36mprimary::SchemaMigration Create (0.2ms)[0m  [1m[32mINSERT INTO "schema_migrations" ("version") VALUES (?)[0m  [["version", "20201208142053"]]
  [1m[35m (1.0ms)[0m  [1m[36mcommit transaction[0m
  [1m[36mActiveRecord::InternalMetadata Load (0.2ms)[0m  [1m[34mSELECT "ar_internal_metadata".* FROM "ar_internal_metadata" WHERE "ar_internal_metadata"."key" = ? LIMIT ?[0m  [["key", "environment"], ["LIMIT", 1]]
  [1m[35m (0.1ms)[0m  [1m[36mbegin transaction[0m
  [1m[36mActiveRecord::InternalMetadata Create (1.1ms)[0m  [1m[32mINSERT INTO "ar_internal_metadata" ("key", "value", "created_at", "updated_at") VALUES (?, ?, ?, ?)[0m  [["key", "environment"], ["value", "development"], ["created_at", "2020-12-08 14:26:07.218330"], ["updated_at", "2020-12-08 14:26:07.218330"]]
  [1m[35m (1.2ms)[0m  [1m[36mcommit transaction[0m
Started GET "/" for ::1 at 2020-12-08 17:26:07 +0300
  [1m[35m (1.0ms)[0m  [1m[34mSELECT "schema_migrations"."version" FROM "schema_migrations" ORDER BY "schema_migrations"."version" ASC[0m
Processing by IndexController#index as HTML
  Rendering index/index.html.erb within layouts/application
  Rendered index/index.html.erb within layouts/application (Duration: 0.4ms | Allocations: 159)
[Webpacker] Everything's up-to-date. Nothing to do
Completed 200 OK in 26ms (Views: 22.6ms | ActiveRecord: 0.0ms | Allocations: 7540)


Started GET "/index/index.json?n=34" for ::1 at 2020-12-08 17:26:11 +0300
Processing by IndexController#index as JSON
  Parameters: {"n"=>"34"}
  [1m[36mPalindrome Load (0.1ms)[0m  [1m[34mSELECT "palindromes".* FROM "palindromes" WHERE "palindromes"."value" = ? ORDER BY "palindromes"."id" ASC LIMIT ?[0m  [["value", "34"], ["LIMIT", 1]]
  ↳ app/controllers/index_controller.rb:11:in `block (2 levels) in index'
Completed 500 Internal Server Error in 15ms (ActiveRecord: 0.8ms | Allocations: 7874)


  
NoMethodError (undefined method `numeric' for #<Palindrome:0x00007f8739c88300>):
  
app/controllers/index_controller.rb:11:in `block (2 levels) in index'
app/controllers/index_controller.rb:8:in `index'
Started GET "/index/index.json?n=34" for ::1 at 2020-12-08 17:26:11 +0300
Processing by IndexController#index as JSON
  Parameters: {"n"=>"34"}
  [1m[36mPalindrome Load (0.2ms)[0m  [1m[34mSELECT "palindromes".* FROM "palindromes" WHERE "palindromes"."value" = ? ORDER BY "palindromes"."id" ASC LIMIT ?[0m  [["value", "34"], ["LIMIT", 1]]
  ↳ app/controllers/index_controller.rb:11:in `block (2 levels) in index'
Completed 500 Internal Server Error in 11ms (ActiveRecord: 0.2ms | Allocations: 3649)


  
NoMethodError (undefined method `numeric' for #<Palindrome:0x00007f87364e5f60>):
  
app/controllers/index_controller.rb:11:in `block (2 levels) in index'
app/controllers/index_controller.rb:8:in `index'
Started GET "/" for ::1 at 2020-12-08 17:26:34 +0300
Processing by IndexController#index as HTML
  Rendering index/index.html.erb within layouts/application
  Rendered index/index.html.erb within layouts/application (Duration: 0.1ms | Allocations: 4)
[Webpacker] Everything's up-to-date. Nothing to do
Completed 200 OK in 11ms (Views: 10.7ms | ActiveRecord: 0.0ms | Allocations: 8206)


Started GET "/index/index.json?n=34" for ::1 at 2020-12-08 17:26:36 +0300
  [1m[35m (0.0ms)[0m  [1m[34mSELECT sqlite_version(*)[0m
Processing by IndexController#index as JSON
  Parameters: {"n"=>"34"}
  [1m[36mPalindrome Load (0.1ms)[0m  [1m[34mSELECT "palindromes".* FROM "palindromes" WHERE "palindromes"."value" = ? ORDER BY "palindromes"."id" ASC LIMIT ?[0m  [["value", "34"], ["LIMIT", 1]]
  ↳ app/controllers/index_controller.rb:11:in `block (2 levels) in index'
  [1m[35m (0.1ms)[0m  [1m[36mbegin transaction[0m
  ↳ app/controllers/index_controller.rb:11:in `block (2 levels) in index'
  [1m[36mPalindrome Exists? (0.3ms)[0m  [1m[34mSELECT 1 AS one FROM "palindromes" WHERE "palindromes"."value" = ? LIMIT ?[0m  [["value", "34"], ["LIMIT", 1]]
  ↳ app/controllers/index_controller.rb:11:in `block (2 levels) in index'
  [1m[35m (0.1ms)[0m  [1m[31mrollback transaction[0m
  ↳ app/controllers/index_controller.rb:11:in `block (2 levels) in index'
Completed 500 Internal Server Error in 15ms (ActiveRecord: 1.5ms | Allocations: 10904)


  
NameError (undefined local variable or method `n' for #<Palindrome:0x00007f873a3d0478>):
  
app/models/palindrome.rb:11:in `calculate'
app/controllers/index_controller.rb:11:in `block (2 levels) in index'
app/controllers/index_controller.rb:8:in `index'
Started GET "/index/index.json?n=344" for ::1 at 2020-12-08 17:27:18 +0300
Processing by IndexController#index as JSON
  Parameters: {"n"=>"344"}
  [1m[36mPalindrome Load (0.2ms)[0m  [1m[34mSELECT "palindromes".* FROM "palindromes" WHERE "palindromes"."value" = ? ORDER BY "palindromes"."id" ASC LIMIT ?[0m  [["value", "344"], ["LIMIT", 1]]
  ↳ app/controllers/index_controller.rb:11:in `block (2 levels) in index'
  [1m[35m (0.1ms)[0m  [1m[36mbegin transaction[0m
  ↳ app/controllers/index_controller.rb:11:in `block (2 levels) in index'
  [1m[36mPalindrome Exists? (0.2ms)[0m  [1m[34mSELECT 1 AS one FROM "palindromes" WHERE "palindromes"."value" = ? LIMIT ?[0m  [["value", "344"], ["LIMIT", 1]]
  ↳ app/controllers/index_controller.rb:11:in `block (2 levels) in index'
  [1m[35m (0.1ms)[0m  [1m[31mrollback transaction[0m
  ↳ app/controllers/index_controller.rb:11:in `block (2 levels) in index'
Completed 500 Internal Server Error in 9ms (ActiveRecord: 0.5ms | Allocations: 6709)


  
NameError (undefined local variable or method `n' for #<Palindrome:0x00007f873aaa6590>):
  
app/models/palindrome.rb:11:in `calculate'
app/controllers/index_controller.rb:11:in `block (2 levels) in index'
app/controllers/index_controller.rb:8:in `index'
Started GET "/index/index.json?n=344" for ::1 at 2020-12-08 17:27:41 +0300
  [1m[35m (0.0ms)[0m  [1m[34mSELECT sqlite_version(*)[0m
Processing by IndexController#index as JSON
  Parameters: {"n"=>"344"}
  [1m[36mPalindrome Load (0.1ms)[0m  [1m[34mSELECT "palindromes".* FROM "palindromes" WHERE "palindromes"."value" = ? ORDER BY "palindromes"."id" ASC LIMIT ?[0m  [["value", "344"], ["LIMIT", 1]]
  ↳ app/controllers/index_controller.rb:11:in `block (2 levels) in index'
  [1m[35m (0.1ms)[0m  [1m[36mbegin transaction[0m
  ↳ app/controllers/index_controller.rb:11:in `block (2 levels) in index'
  [1m[36mPalindrome Exists? (0.2ms)[0m  [1m[34mSELECT 1 AS one FROM "palindromes" WHERE "palindromes"."value" = ? LIMIT ?[0m  [["value", "344"], ["LIMIT", 1]]
  ↳ app/controllers/index_controller.rb:11:in `block (2 levels) in index'
  [1m[35m (0.1ms)[0m  [1m[31mrollback transaction[0m
  ↳ app/controllers/index_controller.rb:11:in `block (2 levels) in index'
Completed 500 Internal Server Error in 16ms (ActiveRecord: 0.9ms | Allocations: 10914)


  
NameError (undefined local variable or method `n' for #<Palindrome:0x00007f873650fd60>):
  
app/models/palindrome.rb:11:in `calculate'
app/controllers/index_controller.rb:11:in `block (2 levels) in index'
app/controllers/index_controller.rb:8:in `index'
Started GET "/" for ::1 at 2020-12-08 17:27:46 +0300
Processing by IndexController#index as HTML
  Rendering index/index.html.erb within layouts/application
  Rendered index/index.html.erb within layouts/application (Duration: 0.1ms | Allocations: 4)
[Webpacker] Everything's up-to-date. Nothing to do
Completed 200 OK in 8ms (Views: 7.5ms | ActiveRecord: 0.0ms | Allocations: 4257)


Started GET "/index/index.json?n=23" for ::1 at 2020-12-08 17:27:49 +0300
Processing by IndexController#index as JSON
  Parameters: {"n"=>"23"}
  [1m[36mPalindrome Load (0.1ms)[0m  [1m[34mSELECT "palindromes".* FROM "palindromes" WHERE "palindromes"."value" = ? ORDER BY "palindromes"."id" ASC LIMIT ?[0m  [["value", "23"], ["LIMIT", 1]]
  ↳ app/controllers/index_controller.rb:11:in `block (2 levels) in index'
  [1m[35m (0.1ms)[0m  [1m[36mbegin transaction[0m
  ↳ app/controllers/index_controller.rb:11:in `block (2 levels) in index'
  [1m[36mPalindrome Exists? (0.2ms)[0m  [1m[34mSELECT 1 AS one FROM "palindromes" WHERE "palindromes"."value" = ? LIMIT ?[0m  [["value", "23"], ["LIMIT", 1]]
  ↳ app/controllers/index_controller.rb:11:in `block (2 levels) in index'
  [1m[35m (0.1ms)[0m  [1m[31mrollback transaction[0m
  ↳ app/controllers/index_controller.rb:11:in `block (2 levels) in index'
Completed 500 Internal Server Error in 7ms (ActiveRecord: 0.4ms | Allocations: 6712)


  
NameError (undefined local variable or method `n' for #<Palindrome:0x00007f873627c580>):
  
app/models/palindrome.rb:11:in `calculate'
app/controllers/index_controller.rb:11:in `block (2 levels) in index'
app/controllers/index_controller.rb:8:in `index'
Started GET "/" for ::1 at 2020-12-08 17:29:19 +0300
Processing by IndexController#index as HTML
  Rendering index/index.html.erb within layouts/application
  Rendered index/index.html.erb within layouts/application (Duration: 0.0ms | Allocations: 5)
[Webpacker] Everything's up-to-date. Nothing to do
Completed 200 OK in 12ms (Views: 11.4ms | ActiveRecord: 0.0ms | Allocations: 4110)


Started GET "/index/index.json?n=43" for ::1 at 2020-12-08 17:29:23 +0300
  [1m[35m (0.1ms)[0m  [1m[34mSELECT sqlite_version(*)[0m
Processing by IndexController#index as JSON
  Parameters: {"n"=>"43"}
  [1m[36mPalindrome Load (0.1ms)[0m  [1m[34mSELECT "palindromes".* FROM "palindromes" WHERE "palindromes"."value" = ? ORDER BY "palindromes"."id" ASC LIMIT ?[0m  [["value", "43"], ["LIMIT", 1]]
  ↳ app/controllers/index_controller.rb:11:in `block (2 levels) in index'
  [1m[35m (0.0ms)[0m  [1m[36mbegin transaction[0m
  ↳ app/controllers/index_controller.rb:11:in `block (2 levels) in index'
  [1m[36mPalindrome Exists? (0.2ms)[0m  [1m[34mSELECT 1 AS one FROM "palindromes" WHERE "palindromes"."value" = ? LIMIT ?[0m  [["value", "43"], ["LIMIT", 1]]
  ↳ app/controllers/index_controller.rb:11:in `block (2 levels) in index'
  [1m[36mPalindrome Create (0.8ms)[0m  [1m[32mINSERT INTO "palindromes" ("value", "res", "created_at", "updated_at") VALUES (?, ?, ?, ?)[0m  [["value", "43"], ["res", "[[0,\"0\"],[1,\"1\"],[3,\"11\"],[5,\"101\"],[7,\"111\"],[9,\"1001\"],[33,\"100001\"]]"], ["created_at", "2020-12-08 14:29:23.118902"], ["updated_at", "2020-12-08 14:29:23.118902"]]
  ↳ app/controllers/index_controller.rb:11:in `block (2 levels) in index'
  [1m[35m (1.3ms)[0m  [1m[36mcommit transaction[0m
  ↳ app/controllers/index_controller.rb:11:in `block (2 levels) in index'
Completed 200 OK in 17ms (Views: 0.4ms | ActiveRecord: 3.0ms | Allocations: 9865)


Started GET "/index/index.json?n=43" for ::1 at 2020-12-08 17:29:38 +0300
Processing by IndexController#index as JSON
  Parameters: {"n"=>"43"}
  [1m[36mPalindrome Load (0.2ms)[0m  [1m[34mSELECT "palindromes".* FROM "palindromes" WHERE "palindromes"."value" = ? ORDER BY "palindromes"."id" ASC LIMIT ?[0m  [["value", "43"], ["LIMIT", 1]]
  ↳ app/controllers/index_controller.rb:11:in `block (2 levels) in index'
Completed 200 OK in 3ms (Views: 0.2ms | ActiveRecord: 0.2ms | Allocations: 1166)


Started GET "/index/index.json?n=df" for ::1 at 2020-12-08 17:37:17 +0300
  [1m[35m (0.2ms)[0m  [1m[34mSELECT sqlite_version(*)[0m
Processing by IndexController#index as JSON
  Parameters: {"n"=>"df"}
Completed 200 OK in 1ms (Views: 0.2ms | ActiveRecord: 0.0ms | Allocations: 641)


Started GET "/" for ::1 at 2020-12-08 17:58:57 +0300
  [1m[35m (0.6ms)[0m  [1m[34mSELECT sqlite_version(*)[0m
  [1m[35m (0.3ms)[0m  [1m[34mSELECT "schema_migrations"."version" FROM "schema_migrations" ORDER BY "schema_migrations"."version" ASC[0m
Processing by IndexController#index as HTML
  Rendering index/index.html.erb within layouts/application
  Rendered index/index.html.erb within layouts/application (Duration: 1.6ms | Allocations: 271)
[Webpacker] Everything's up-to-date. Nothing to do
Completed 200 OK in 30ms (Views: 22.7ms | ActiveRecord: 0.0ms | Allocations: 8136)


Started GET "/index/index.json?n=" for ::1 at 2020-12-08 17:58:59 +0300
Processing by IndexController#index as JSON
  Parameters: {"n"=>""}
Completed 200 OK in 1ms (Views: 0.1ms | ActiveRecord: 0.0ms | Allocations: 619)


Started GET "/index/index.json?n=3" for ::1 at 2020-12-08 17:59:02 +0300
Processing by IndexController#index as JSON
  Parameters: {"n"=>"3"}
  [1m[36mPalindrome Load (24.9ms)[0m  [1m[34mSELECT "palindromes".* FROM "palindromes" WHERE "palindromes"."value" = ? ORDER BY "palindromes"."id" ASC LIMIT ?[0m  [["value", "3"], ["LIMIT", 1]]
  ↳ app/controllers/index_controller.rb:11:in `block (2 levels) in index'
  [1m[35m (0.1ms)[0m  [1m[36mbegin transaction[0m
  ↳ app/controllers/index_controller.rb:11:in `block (2 levels) in index'
  [1m[36mPalindrome Exists? (0.3ms)[0m  [1m[34mSELECT 1 AS one FROM "palindromes" WHERE "palindromes"."value" = ? LIMIT ?[0m  [["value", "3"], ["LIMIT", 1]]
  ↳ app/controllers/index_controller.rb:11:in `block (2 levels) in index'
  [1m[36mPalindrome Create (0.9ms)[0m  [1m[32mINSERT INTO "palindromes" ("value", "res", "created_at", "updated_at") VALUES (?, ?, ?, ?)[0m  [["value", "3"], ["res", "[[0,\"0\"],[1,\"1\"],[3,\"11\"]]"], ["created_at", "2020-12-08 14:59:02.206631"], ["updated_at", "2020-12-08 14:59:02.206631"]]
  ↳ app/controllers/index_controller.rb:11:in `block (2 levels) in index'
  [1m[35m (2.4ms)[0m  [1m[36mcommit transaction[0m
  ↳ app/controllers/index_controller.rb:11:in `block (2 levels) in index'
Completed 200 OK in 54ms (Views: 0.4ms | ActiveRecord: 29.3ms | Allocations: 9642)


Started GET "/index/index.json?n=-3" for ::1 at 2020-12-08 17:59:05 +0300
Processing by IndexController#index as JSON
  Parameters: {"n"=>"-3"}
  [1m[36mPalindrome Load (0.2ms)[0m  [1m[34mSELECT "palindromes".* FROM "palindromes" WHERE "palindromes"."value" = ? ORDER BY "palindromes"."id" ASC LIMIT ?[0m  [["value", "-3"], ["LIMIT", 1]]
  ↳ app/controllers/index_controller.rb:11:in `block (2 levels) in index'
  [1m[35m (0.1ms)[0m  [1m[36mbegin transaction[0m
  ↳ app/controllers/index_controller.rb:11:in `block (2 levels) in index'
  [1m[36mPalindrome Exists? (0.2ms)[0m  [1m[34mSELECT 1 AS one FROM "palindromes" WHERE "palindromes"."value" = ? LIMIT ?[0m  [["value", "-3"], ["LIMIT", 1]]
  ↳ app/controllers/index_controller.rb:11:in `block (2 levels) in index'
  [1m[36mPalindrome Create (0.3ms)[0m  [1m[32mINSERT INTO "palindromes" ("value", "res", "created_at", "updated_at") VALUES (?, ?, ?, ?)[0m  [["value", "-3"], ["res", "[]"], ["created_at", "2020-12-08 14:59:05.921880"], ["updated_at", "2020-12-08 14:59:05.921880"]]
  ↳ app/controllers/index_controller.rb:11:in `block (2 levels) in index'
  [1m[35m (1.4ms)[0m  [1m[36mcommit transaction[0m
  ↳ app/controllers/index_controller.rb:11:in `block (2 levels) in index'
Completed 200 OK in 8ms (Views: 0.1ms | ActiveRecord: 2.0ms | Allocations: 4707)


Started GET "/index/index.json?n=pdf" for ::1 at 2020-12-08 17:59:15 +0300
Processing by IndexController#index as JSON
  Parameters: {"n"=>"pdf"}
Completed 200 OK in 1ms (Views: 0.1ms | ActiveRecord: 0.0ms | Allocations: 605)


Started GET "/index/index.json?n=999" for ::1 at 2020-12-08 17:59:19 +0300
Processing by IndexController#index as JSON
  Parameters: {"n"=>"999"}
  [1m[36mPalindrome Load (0.2ms)[0m  [1m[34mSELECT "palindromes".* FROM "palindromes" WHERE "palindromes"."value" = ? ORDER BY "palindromes"."id" ASC LIMIT ?[0m  [["value", "999"], ["LIMIT", 1]]
  ↳ app/controllers/index_controller.rb:11:in `block (2 levels) in index'
  [1m[35m (0.2ms)[0m  [1m[36mbegin transaction[0m
  ↳ app/controllers/index_controller.rb:11:in `block (2 levels) in index'
  [1m[36mPalindrome Exists? (0.2ms)[0m  [1m[34mSELECT 1 AS one FROM "palindromes" WHERE "palindromes"."value" = ? LIMIT ?[0m  [["value", "999"], ["LIMIT", 1]]
  ↳ app/controllers/index_controller.rb:11:in `block (2 levels) in index'
  [1m[36mPalindrome Create (0.5ms)[0m  [1m[32mINSERT INTO "palindromes" ("value", "res", "created_at", "updated_at") VALUES (?, ?, ?, ?)[0m  [["value", "999"], ["res", "[[0,\"0\"],[1,\"1\"],[3,\"11\"],[5,\"101\"],[7,\"111\"],[9,\"1001\"],[33,\"100001\"],[99,\"1100011\"],[313,\"100111001\"],[585,\"1001001001\"],[717,\"1011001101\"]]"], ["created_at", "2020-12-08 14:59:19.537937"], ["updated_at", "2020-12-08 14:59:19.537937"]]
  ↳ app/controllers/index_controller.rb:11:in `block (2 levels) in index'
  [1m[35m (1.4ms)[0m  [1m[36mcommit transaction[0m
  ↳ app/controllers/index_controller.rb:11:in `block (2 levels) in index'
Completed 200 OK in 13ms (Views: 0.3ms | ActiveRecord: 2.5ms | Allocations: 7318)


